# JRE version: Java(TM) SE Runtime Environment (8.0_65-b17) (build 1.8.0_65-b17)
# Java VM: Java HotSpot(TM) 64-Bit Server VM (25.65-b01 mixed mode windows-amd64 compressed oops)
Heap:
 PSYoungGen      total 74752K, used 7686K [0x00000000f5580000, 0x00000000fcd80000, 0x0000000100000000)
  eden space 62464K, 12% used [0x00000000f5580000,0x00000000f5d01898,0x00000000f9280000)
  from space 12288K, 0% used [0x00000000f9280000,0x00000000f9280000,0x00000000f9e80000)
  to   space 12288K, 0% used [0x00000000fc180000,0x00000000fc180000,0x00000000fcd80000)
 ParOldGen       total 175104K, used 16462K [0x00000000e0000000, 0x00000000eab00000, 0x00000000f5580000)
  object space 175104K, 9% used [0x00000000e0000000,0x00000000e1013b60,0x00000000eab00000)
 Metaspace       used 34581K, capacity 35733K, committed 35968K, reserved 1079296K
  class space    used 4860K, capacity 5147K, committed 5248K, reserved 1048576K
GC Heap History (10 events):
Event: 32.321 GC heap before
{Heap before GC invocations=5 (full 1):
 PSYoungGen      total 76288K, used 8238K [0x00000000f5580000, 0x00000000faa80000, 0x0000000100000000)
  eden space 65536K, 0% used [0x00000000f5580000,0x00000000f5580000,0x00000000f9580000)
  from space 10752K, 76% used [0x00000000fa000000,0x00000000fa80b9e8,0x00000000faa80000)
  to   space 10752K, 0% used [0x00000000f9580000,0x00000000f9580000,0x00000000fa000000)
 ParOldGen       total 175104K, used 557K [0x00000000e0000000, 0x00000000eab00000, 0x00000000f5580000)
  object space 175104K, 0% used [0x00000000e0000000,0x00000000e008b7f0,0x00000000eab00000)
 Metaspace       used 20462K, capacity 21070K, committed 21248K, reserved 1067008K
  class space    used 3006K, capacity 3203K, committed 3328K, reserved 1048576K
Event: 32.477 GC heap after
Heap after GC invocations=5 (full 1):
 PSYoungGen      total 76288K, used 0K [0x00000000f5580000, 0x00000000faa80000, 0x0000000100000000)
  eden space 65536K, 0% used [0x00000000f5580000,0x00000000f5580000,0x00000000f9580000)
  from space 10752K, 0% used [0x00000000fa000000,0x00000000fa000000,0x00000000faa80000)
  to   space 10752K, 0% used [0x00000000f9580000,0x00000000f9580000,0x00000000fa000000)
 ParOldGen       total 175104K, used 8076K [0x00000000e0000000, 0x00000000eab00000, 0x00000000f5580000)
  object space 175104K, 4% used [0x00000000e0000000,0x00000000e07e3048,0x00000000eab00000)
 Metaspace       used 20462K, capacity 21070K, committed 21248K, reserved 1067008K
  class space    used 3006K, capacity 3203K, committed 3328K, reserved 1048576K
}
Event: 38.428 GC heap before
{Heap before GC invocations=6 (full 1):
 PSYoungGen      total 76288K, used 65536K [0x00000000f5580000, 0x00000000faa80000, 0x0000000100000000)
  eden space 65536K, 100% used [0x00000000f5580000,0x00000000f9580000,0x00000000f9580000)
  from space 10752K, 0% used [0x00000000fa000000,0x00000000fa000000,0x00000000faa80000)
  to   space 10752K, 0% used [0x00000000f9580000,0x00000000f9580000,0x00000000fa000000)
 ParOldGen       total 175104K, used 8076K [0x00000000e0000000, 0x00000000eab00000, 0x00000000f5580000)
  object space 175104K, 4% used [0x00000000e0000000,0x00000000e07e3048,0x00000000eab00000)
 Metaspace       used 28515K, capacity 29314K, committed 29440K, reserved 1075200K
  class space    used 4113K, capacity 4318K, committed 4352K, reserved 1048576K
Event: 38.442 GC heap after
Heap after GC invocations=6 (full 1):
 PSYoungGen      total 72704K, used 8433K [0x00000000f5580000, 0x00000000fab00000, 0x0000000100000000)
  eden space 64000K, 0% used [0x00000000f5580000,0x00000000f5580000,0x00000000f9400000)
  from space 8704K, 96% used [0x00000000f9580000,0x00000000f9dbc5d0,0x00000000f9e00000)
  to   space 11776K, 0% used [0x00000000f9f80000,0x00000000f9f80000,0x00000000fab00000)
 ParOldGen       total 175104K, used 8084K [0x00000000e0000000, 0x00000000eab00000, 0x00000000f5580000)
  object space 175104K, 4% used [0x00000000e0000000,0x00000000e07e5048,0x00000000eab00000)
 Metaspace       used 28515K, capacity 29314K, committed 29440K, reserved 1075200K
  class space    used 4113K, capacity 4318K, committed 4352K, reserved 1048576K
}
Event: 58.011 GC heap before
{Heap before GC invocations=7 (full 1):
 PSYoungGen      total 72704K, used 72433K [0x00000000f5580000, 0x00000000fab00000, 0x0000000100000000)
  eden space 64000K, 100% used [0x00000000f5580000,0x00000000f9400000,0x00000000f9400000)
  from space 8704K, 96% used [0x00000000f9580000,0x00000000f9dbc5d0,0x00000000f9e00000)
  to   space 11776K, 0% used [0x00000000f9f80000,0x00000000f9f80000,0x00000000fab00000)
 ParOldGen       total 175104K, used 8084K [0x00000000e0000000, 0x00000000eab00000, 0x00000000f5580000)
  object space 175104K, 4% used [0x00000000e0000000,0x00000000e07e5048,0x00000000eab00000)
 Metaspace       used 32592K, capacity 33672K, committed 33920K, reserved 1079296K
  class space    used 4632K, capacity 4923K, committed 4992K, reserved 1048576K
Event: 58.023 GC heap after
Heap after GC invocations=7 (full 1):
 PSYoungGen      total 73728K, used 9868K [0x00000000f5580000, 0x00000000faa80000, 0x0000000100000000)
  eden space 62464K, 0% used [0x00000000f5580000,0x00000000f5580000,0x00000000f9280000)
  from space 11264K, 87% used [0x00000000f9f80000,0x00000000fa923120,0x00000000faa80000)
  to   space 12288K, 0% used [0x00000000f9280000,0x00000000f9280000,0x00000000f9e80000)
 ParOldGen       total 175104K, used 8092K [0x00000000e0000000, 0x00000000eab00000, 0x00000000f5580000)
  object space 175104K, 4% used [0x00000000e0000000,0x00000000e07e7048,0x00000000eab00000)
 Metaspace       used 32592K, capacity 33672K, committed 33920K, reserved 1079296K
  class space    used 4632K, capacity 4923K, committed 4992K, reserved 1048576K
}
Event: 58.892 GC heap before
{Heap before GC invocations=8 (full 1):
 PSYoungGen      total 73728K, used 44690K [0x00000000f5580000, 0x00000000faa80000, 0x0000000100000000)
  eden space 62464K, 55% used [0x00000000f5580000,0x00000000f7781a10,0x00000000f9280000)
  from space 11264K, 87% used [0x00000000f9f80000,0x00000000fa923120,0x00000000faa80000)
  to   space 12288K, 0% used [0x00000000f9280000,0x00000000f9280000,0x00000000f9e80000)
 ParOldGen       total 175104K, used 8092K [0x00000000e0000000, 0x00000000eab00000, 0x00000000f5580000)
  object space 175104K, 4% used [0x00000000e0000000,0x00000000e07e7048,0x00000000eab00000)
 Metaspace       used 34254K, capacity 35405K, committed 35416K, reserved 1079296K
  class space    used 4809K, capacity 5109K, committed 5120K, reserved 1048576K
Event: 58.908 GC heap after
Heap after GC invocations=8 (full 1):
 PSYoungGen      total 74752K, used 9755K [0x00000000f5580000, 0x00000000fcd80000, 0x0000000100000000)
  eden space 62464K, 0% used [0x00000000f5580000,0x00000000f5580000,0x00000000f9280000)
  from space 12288K, 79% used [0x00000000f9280000,0x00000000f9c06f00,0x00000000f9e80000)
  to   space 12288K, 0% used [0x00000000fc180000,0x00000000fc180000,0x00000000fcd80000)
 ParOldGen       total 175104K, used 8100K [0x00000000e0000000, 0x00000000eab00000, 0x00000000f5580000)
  object space 175104K, 4% used [0x00000000e0000000,0x00000000e07e9048,0x00000000eab00000)
 Metaspace       used 34254K, capacity 35405K, committed 35416K, reserved 1079296K
  class space    used 4809K, capacity 5109K, committed 5120K, reserved 1048576K
}
Event: 58.908 GC heap before
{Heap before GC invocations=9 (full 2):
 PSYoungGen      total 74752K, used 9755K [0x00000000f5580000, 0x00000000fcd80000, 0x0000000100000000)
  eden space 62464K, 0% used [0x00000000f5580000,0x00000000f5580000,0x00000000f9280000)
  from space 12288K, 79% used [0x00000000f9280000,0x00000000f9c06f00,0x00000000f9e80000)
  to   space 12288K, 0% used [0x00000000fc180000,0x00000000fc180000,0x00000000fcd80000)
 ParOldGen       total 175104K, used 8100K [0x00000000e0000000, 0x00000000eab00000, 0x00000000f5580000)
  object space 175104K, 4% used [0x00000000e0000000,0x00000000e07e9048,0x00000000eab00000)
 Metaspace       used 34254K, capacity 35405K, committed 35416K, reserved 1079296K
  class space    used 4809K, capacity 5109K, committed 5120K, reserved 1048576K
Event: 59.013 GC heap after
Heap after GC invocations=9 (full 2):
 PSYoungGen      total 74752K, used 0K [0x00000000f5580000, 0x00000000fcd80000, 0x0000000100000000)
  eden space 62464K, 0% used [0x00000000f5580000,0x00000000f5580000,0x00000000f9280000)
  from space 12288K, 0% used [0x00000000f9280000,0x00000000f9280000,0x00000000f9e80000)
  to   space 12288K, 0% used [0x00000000fc180000,0x00000000fc180000,0x00000000fcd80000)
 ParOldGen       total 175104K, used 16462K [0x00000000e0000000, 0x00000000eab00000, 0x00000000f5580000)
  object space 175104K, 9% used [0x00000000e0000000,0x00000000e1013b60,0x00000000eab00000)
 Metaspace       used 34254K, capacity 35405K, committed 35416K, reserved 1079296K
  class space    used 4809K, capacity 5109K, committed 5120K, reserved 1048576K
}

