# JRE version: Java(TM) SE Runtime Environment (8.0_65-b17) (build 1.8.0_65-b17)
# Java VM: Java HotSpot(TM) 64-Bit Server VM (25.65-b01 mixed mode windows-amd64 compressed oops)
Heap:
 PSYoungGen      total 114688K, used 91851K [0x00000000f5580000, 0x00000000fd880000, 0x0000000100000000)
  eden space 102400K, 84% used [0x00000000f5580000,0x00000000faa04830,0x00000000fb980000)
  from space 12288K, 43% used [0x00000000fc580000,0x00000000fcaae538,0x00000000fd180000)
  to   space 12288K, 0% used [0x00000000fb980000,0x00000000fb980000,0x00000000fc580000)
 ParOldGen       total 194048K, used 16481K [0x00000000e0000000, 0x00000000ebd80000, 0x00000000f5580000)
  object space 194048K, 8% used [0x00000000e0000000,0x00000000e1018738,0x00000000ebd80000)
 Metaspace       used 44915K, capacity 46837K, committed 46976K, reserved 1089536K
  class space    used 6255K, capacity 6735K, committed 6784K, reserved 1048576K
GC Heap History (10 events):
Event: 23.566 GC heap before
{Heap before GC invocations=6 (full 1):
 PSYoungGen      total 76288K, used 65536K [0x00000000f5580000, 0x00000000faa80000, 0x0000000100000000)
  eden space 65536K, 100% used [0x00000000f5580000,0x00000000f9580000,0x00000000f9580000)
  from space 10752K, 0% used [0x00000000fa000000,0x00000000fa000000,0x00000000faa80000)
  to   space 10752K, 0% used [0x00000000f9580000,0x00000000f9580000,0x00000000fa000000)
 ParOldGen       total 175104K, used 8077K [0x00000000e0000000, 0x00000000eab00000, 0x00000000f5580000)
  object space 175104K, 4% used [0x00000000e0000000,0x00000000e07e35c8,0x00000000eab00000)
 Metaspace       used 28502K, capacity 29310K, committed 29440K, reserved 1075200K
  class space    used 4112K, capacity 4318K, committed 4352K, reserved 1048576K
Event: 23.575 GC heap after
Heap after GC invocations=6 (full 1):
 PSYoungGen      total 76288K, used 8382K [0x00000000f5580000, 0x00000000fbd00000, 0x0000000100000000)
  eden space 65536K, 0% used [0x00000000f5580000,0x00000000f5580000,0x00000000f9580000)
  from space 10752K, 77% used [0x00000000f9580000,0x00000000f9dafa50,0x00000000fa000000)
  to   space 11776K, 0% used [0x00000000fb180000,0x00000000fb180000,0x00000000fbd00000)
 ParOldGen       total 175104K, used 8085K [0x00000000e0000000, 0x00000000eab00000, 0x00000000f5580000)
  object space 175104K, 4% used [0x00000000e0000000,0x00000000e07e55c8,0x00000000eab00000)
 Metaspace       used 28502K, capacity 29310K, committed 29440K, reserved 1075200K
  class space    used 4112K, capacity 4318K, committed 4352K, reserved 1048576K
}
Event: 68.267 GC heap before
{Heap before GC invocations=7 (full 1):
 PSYoungGen      total 76288K, used 73918K [0x00000000f5580000, 0x00000000fbd00000, 0x0000000100000000)
  eden space 65536K, 100% used [0x00000000f5580000,0x00000000f9580000,0x00000000f9580000)
  from space 10752K, 77% used [0x00000000f9580000,0x00000000f9dafa50,0x00000000fa000000)
  to   space 11776K, 0% used [0x00000000fb180000,0x00000000fb180000,0x00000000fbd00000)
 ParOldGen       total 175104K, used 8085K [0x00000000e0000000, 0x00000000eab00000, 0x00000000f5580000)
  object space 175104K, 4% used [0x00000000e0000000,0x00000000e07e55c8,0x00000000eab00000)
 Metaspace       used 32590K, capacity 33678K, committed 33920K, reserved 1079296K
  class space    used 4632K, capacity 4924K, committed 4992K, reserved 1048576K
Event: 68.279 GC heap after
Heap after GC invocations=7 (full 1):
 PSYoungGen      total 89600K, used 9913K [0x00000000f5580000, 0x00000000fbb80000, 0x0000000100000000)
  eden space 79360K, 0% used [0x00000000f5580000,0x00000000f5580000,0x00000000fa300000)
  from space 10240K, 96% used [0x00000000fb180000,0x00000000fbb2e500,0x00000000fbb80000)
  to   space 12288K, 0% used [0x00000000fa380000,0x00000000fa380000,0x00000000faf80000)
 ParOldGen       total 175104K, used 8093K [0x00000000e0000000, 0x00000000eab00000, 0x00000000f5580000)
  object space 175104K, 4% used [0x00000000e0000000,0x00000000e07e75c8,0x00000000eab00000)
 Metaspace       used 32590K, capacity 33678K, committed 33920K, reserved 1079296K
  class space    used 4632K, capacity 4924K, committed 4992K, reserved 1048576K
}
Event: 69.696 GC heap before
{Heap before GC invocations=8 (full 1):
 PSYoungGen      total 89600K, used 45853K [0x00000000f5580000, 0x00000000fbb80000, 0x0000000100000000)
  eden space 79360K, 45% used [0x00000000f5580000,0x00000000f7899090,0x00000000fa300000)
  from space 10240K, 96% used [0x00000000fb180000,0x00000000fbb2e500,0x00000000fbb80000)
  to   space 12288K, 0% used [0x00000000fa380000,0x00000000fa380000,0x00000000faf80000)
 ParOldGen       total 175104K, used 8093K [0x00000000e0000000, 0x00000000eab00000, 0x00000000f5580000)
  object space 175104K, 4% used [0x00000000e0000000,0x00000000e07e75c8,0x00000000eab00000)
 Metaspace       used 34256K, capacity 35405K, committed 35416K, reserved 1079296K
  class space    used 4810K, capacity 5109K, committed 5120K, reserved 1048576K
Event: 69.710 GC heap after
Heap after GC invocations=8 (full 1):
 PSYoungGen      total 92160K, used 9755K [0x00000000f5580000, 0x00000000fd180000, 0x0000000100000000)
  eden space 79872K, 0% used [0x00000000f5580000,0x00000000f5580000,0x00000000fa380000)
  from space 12288K, 79% used [0x00000000fa380000,0x00000000fad06f00,0x00000000faf80000)
  to   space 12288K, 0% used [0x00000000fc580000,0x00000000fc580000,0x00000000fd180000)
 ParOldGen       total 175104K, used 8101K [0x00000000e0000000, 0x00000000eab00000, 0x00000000f5580000)
  object space 175104K, 4% used [0x00000000e0000000,0x00000000e07e95c8,0x00000000eab00000)
 Metaspace       used 34256K, capacity 35405K, committed 35416K, reserved 1079296K
  class space    used 4810K, capacity 5109K, committed 5120K, reserved 1048576K
}
Event: 69.710 GC heap before
{Heap before GC invocations=9 (full 2):
 PSYoungGen      total 92160K, used 9755K [0x00000000f5580000, 0x00000000fd180000, 0x0000000100000000)
  eden space 79872K, 0% used [0x00000000f5580000,0x00000000f5580000,0x00000000fa380000)
  from space 12288K, 79% used [0x00000000fa380000,0x00000000fad06f00,0x00000000faf80000)
  to   space 12288K, 0% used [0x00000000fc580000,0x00000000fc580000,0x00000000fd180000)
 ParOldGen       total 175104K, used 8101K [0x00000000e0000000, 0x00000000eab00000, 0x00000000f5580000)
  object space 175104K, 4% used [0x00000000e0000000,0x00000000e07e95c8,0x00000000eab00000)
 Metaspace       used 34256K, capacity 35405K, committed 35416K, reserved 1079296K
  class space    used 4810K, capacity 5109K, committed 5120K, reserved 1048576K
Event: 69.797 GC heap after
Heap after GC invocations=9 (full 2):
 PSYoungGen      total 92160K, used 0K [0x00000000f5580000, 0x00000000fd180000, 0x0000000100000000)
  eden space 79872K, 0% used [0x00000000f5580000,0x00000000f5580000,0x00000000fa380000)
  from space 12288K, 0% used [0x00000000fa380000,0x00000000fa380000,0x00000000faf80000)
  to   space 12288K, 0% used [0x00000000fc580000,0x00000000fc580000,0x00000000fd180000)
 ParOldGen       total 194048K, used 16473K [0x00000000e0000000, 0x00000000ebd80000, 0x00000000f5580000)
  object space 194048K, 8% used [0x00000000e0000000,0x00000000e1016738,0x00000000ebd80000)
 Metaspace       used 34256K, capacity 35405K, committed 35416K, reserved 1079296K
  class space    used 4810K, capacity 5109K, committed 5120K, reserved 1048576K
}
Event: 85.300 GC heap before
{Heap before GC invocations=10 (full 2):
 PSYoungGen      total 92160K, used 79872K [0x00000000f5580000, 0x00000000fd180000, 0x0000000100000000)
  eden space 79872K, 100% used [0x00000000f5580000,0x00000000fa380000,0x00000000fa380000)
  from space 12288K, 0% used [0x00000000fa380000,0x00000000fa380000,0x00000000faf80000)
  to   space 12288K, 0% used [0x00000000fc580000,0x00000000fc580000,0x00000000fd180000)
 ParOldGen       total 194048K, used 16473K [0x00000000e0000000, 0x00000000ebd80000, 0x00000000f5580000)
  object space 194048K, 8% used [0x00000000e0000000,0x00000000e1016738,0x00000000ebd80000)
 Metaspace       used 37486K, capacity 39043K, committed 39296K, reserved 1083392K
  class space    used 5274K, capacity 5642K, committed 5760K, reserved 1048576K
Event: 85.317 GC heap after
Heap after GC invocations=10 (full 2):
 PSYoungGen      total 114688K, used 5305K [0x00000000f5580000, 0x00000000fd880000, 0x0000000100000000)
  eden space 102400K, 0% used [0x00000000f5580000,0x00000000f5580000,0x00000000fb980000)
  from space 12288K, 43% used [0x00000000fc580000,0x00000000fcaae538,0x00000000fd180000)
  to   space 12288K, 0% used [0x00000000fb980000,0x00000000fb980000,0x00000000fc580000)
 ParOldGen       total 194048K, used 16481K [0x00000000e0000000, 0x00000000ebd80000, 0x00000000f5580000)
  object space 194048K, 8% used [0x00000000e0000000,0x00000000e1018738,0x00000000ebd80000)
 Metaspace       used 37486K, capacity 39043K, committed 39296K, reserved 1083392K
  class space    used 5274K, capacity 5642K, committed 5760K, reserved 1048576K
}

